2020-04-06 00:01:11.002 [info] <0.44.0> Application lager started on node nonode@nohost
2020-04-06 00:01:11.028 [info] <0.44.0> Application xmerl started on node nonode@nohost
2020-04-06 00:01:11.093 [info] <0.44.0> Application sasl started on node nonode@nohost
2020-04-06 00:01:11.106 [info] <0.44.0> Application tools started on node nonode@nohost
2020-04-06 00:01:11.113 [info] <0.44.0> Application jsx started on node nonode@nohost
2020-04-06 00:01:11.159 [info] <0.44.0> Application ranch started on node nonode@nohost
2020-04-06 00:01:11.165 [info] <0.44.0> Application recon started on node nonode@nohost
2020-04-06 00:01:11.239 [info] <0.44.0> Application credentials_obfuscation started on node nonode@nohost
2020-04-06 00:01:11.240 [info] <0.44.0> Application rabbit_common started on node nonode@nohost
2020-04-06 00:01:11.255 [info] <0.44.0> Application amqp_client started on node nonode@nohost
2020-04-06 00:01:11.256 [info] <0.44.0> Application amqp started on node nonode@nohost
2020-04-06 00:01:11.264 [info] <0.44.0> Application cowlib started on node nonode@nohost
2020-04-06 00:01:11.272 [info] <0.44.0> Application cowboy started on node nonode@nohost
2020-04-06 00:01:11.276 [info] <0.44.0> Application plug_cowboy started on node nonode@nohost
2020-04-06 00:01:11.642 [info] <0.44.0> Application frequency started on node nonode@nohost
2020-04-06 00:02:43.014 [info] <0.44.0> Application lager started on node nonode@nohost
2020-04-06 00:02:43.034 [info] <0.44.0> Application xmerl started on node nonode@nohost
2020-04-06 00:02:43.101 [info] <0.44.0> Application sasl started on node nonode@nohost
2020-04-06 00:02:43.123 [info] <0.44.0> Application tools started on node nonode@nohost
2020-04-06 00:02:43.131 [info] <0.44.0> Application jsx started on node nonode@nohost
2020-04-06 00:02:43.169 [info] <0.44.0> Application ranch started on node nonode@nohost
2020-04-06 00:02:43.176 [info] <0.44.0> Application recon started on node nonode@nohost
2020-04-06 00:02:43.257 [info] <0.44.0> Application credentials_obfuscation started on node nonode@nohost
2020-04-06 00:02:43.257 [info] <0.44.0> Application rabbit_common started on node nonode@nohost
2020-04-06 00:02:43.277 [info] <0.44.0> Application amqp_client started on node nonode@nohost
2020-04-06 00:02:43.277 [info] <0.44.0> Application amqp started on node nonode@nohost
2020-04-06 00:02:43.289 [info] <0.44.0> Application cowlib started on node nonode@nohost
2020-04-06 00:02:43.303 [info] <0.44.0> Application cowboy started on node nonode@nohost
2020-04-06 00:02:43.308 [info] <0.44.0> Application plug_cowboy started on node nonode@nohost
2020-04-06 00:02:43.897 [info] <0.44.0> Application frequency started on node nonode@nohost
2020-04-06 00:02:56.138 [info] <0.44.0> Application lager started on node nonode@nohost
2020-04-06 00:02:56.763 [info] <0.44.0> Application xmerl started on node nonode@nohost
2020-04-06 00:02:56.882 [info] <0.44.0> Application sasl started on node nonode@nohost
2020-04-06 00:02:56.898 [info] <0.44.0> Application tools started on node nonode@nohost
2020-04-06 00:02:56.904 [info] <0.44.0> Application jsx started on node nonode@nohost
2020-04-06 00:02:56.922 [info] <0.44.0> Application ranch started on node nonode@nohost
2020-04-06 00:02:56.930 [info] <0.44.0> Application recon started on node nonode@nohost
2020-04-06 00:02:57.023 [info] <0.44.0> Application credentials_obfuscation started on node nonode@nohost
2020-04-06 00:02:57.024 [info] <0.44.0> Application rabbit_common started on node nonode@nohost
2020-04-06 00:02:57.086 [info] <0.44.0> Application amqp_client started on node nonode@nohost
2020-04-06 00:02:57.098 [info] <0.44.0> Application amqp started on node nonode@nohost
2020-04-06 00:02:57.108 [info] <0.44.0> Application cowlib started on node nonode@nohost
2020-04-06 00:02:57.119 [info] <0.44.0> Application cowboy started on node nonode@nohost
2020-04-06 00:02:57.123 [info] <0.44.0> Application plug_cowboy started on node nonode@nohost
2020-04-06 00:02:57.435 [info] <0.44.0> Application frequency started on node nonode@nohost
2020-04-06 00:05:36.400 [info] <0.44.0> Application lager started on node nonode@nohost
2020-04-06 00:05:36.409 [info] <0.44.0> Application xmerl started on node nonode@nohost
2020-04-06 00:05:36.424 [info] <0.44.0> Application sasl started on node nonode@nohost
2020-04-06 00:05:36.428 [info] <0.44.0> Application tools started on node nonode@nohost
2020-04-06 00:05:36.430 [info] <0.44.0> Application jsx started on node nonode@nohost
2020-04-06 00:05:36.438 [info] <0.44.0> Application ranch started on node nonode@nohost
2020-04-06 00:05:36.440 [info] <0.44.0> Application recon started on node nonode@nohost
2020-04-06 00:05:36.471 [info] <0.44.0> Application credentials_obfuscation started on node nonode@nohost
2020-04-06 00:05:36.471 [info] <0.44.0> Application rabbit_common started on node nonode@nohost
2020-04-06 00:05:36.479 [info] <0.44.0> Application amqp_client started on node nonode@nohost
2020-04-06 00:05:36.483 [info] <0.44.0> Application amqp started on node nonode@nohost
2020-04-06 00:05:36.487 [info] <0.44.0> Application cowlib started on node nonode@nohost
2020-04-06 00:05:36.491 [info] <0.44.0> Application cowboy started on node nonode@nohost
2020-04-06 00:05:36.494 [info] <0.44.0> Application plug_cowboy started on node nonode@nohost
2020-04-06 00:05:36.725 [info] <0.44.0> Application frequency started on node nonode@nohost
2020-04-06 00:22:57.786 [info] <0.44.0> Application lager started on node nonode@nohost
2020-04-06 00:22:57.794 [info] <0.44.0> Application xmerl started on node nonode@nohost
2020-04-06 00:22:57.810 [info] <0.44.0> Application sasl started on node nonode@nohost
2020-04-06 00:22:57.817 [info] <0.44.0> Application tools started on node nonode@nohost
2020-04-06 00:22:57.819 [info] <0.44.0> Application jsx started on node nonode@nohost
2020-04-06 00:22:57.827 [info] <0.44.0> Application ranch started on node nonode@nohost
2020-04-06 00:22:57.829 [info] <0.44.0> Application recon started on node nonode@nohost
2020-04-06 00:22:57.863 [info] <0.44.0> Application credentials_obfuscation started on node nonode@nohost
2020-04-06 00:22:57.863 [info] <0.44.0> Application rabbit_common started on node nonode@nohost
2020-04-06 00:22:57.871 [info] <0.44.0> Application amqp_client started on node nonode@nohost
2020-04-06 00:22:57.874 [info] <0.44.0> Application amqp started on node nonode@nohost
2020-04-06 00:22:57.878 [info] <0.44.0> Application cowlib started on node nonode@nohost
2020-04-06 00:22:57.882 [info] <0.44.0> Application cowboy started on node nonode@nohost
2020-04-06 00:22:57.885 [info] <0.44.0> Application plug_cowboy started on node nonode@nohost
2020-04-06 00:22:57.994 [error] <0.367.0>@Elixir.IO:inspect CRASH REPORT Process <0.367.0> with 0 neighbours crashed with reason: call to undefined function 'Elixir.IO':inspect()
2020-04-06 00:24:45.506 [info] <0.44.0> Application lager started on node nonode@nohost
2020-04-06 00:24:45.514 [info] <0.44.0> Application xmerl started on node nonode@nohost
2020-04-06 00:24:45.533 [info] <0.44.0> Application sasl started on node nonode@nohost
2020-04-06 00:24:45.538 [info] <0.44.0> Application tools started on node nonode@nohost
2020-04-06 00:24:45.540 [info] <0.44.0> Application jsx started on node nonode@nohost
2020-04-06 00:24:45.551 [info] <0.44.0> Application ranch started on node nonode@nohost
2020-04-06 00:24:45.555 [info] <0.44.0> Application recon started on node nonode@nohost
2020-04-06 00:24:45.583 [info] <0.44.0> Application credentials_obfuscation started on node nonode@nohost
2020-04-06 00:24:45.584 [info] <0.44.0> Application rabbit_common started on node nonode@nohost
2020-04-06 00:24:45.592 [info] <0.44.0> Application amqp_client started on node nonode@nohost
2020-04-06 00:24:45.595 [info] <0.44.0> Application amqp started on node nonode@nohost
2020-04-06 00:24:45.600 [info] <0.44.0> Application cowlib started on node nonode@nohost
2020-04-06 00:24:45.607 [info] <0.44.0> Application cowboy started on node nonode@nohost
2020-04-06 00:24:45.608 [info] <0.44.0> Application plug_cowboy started on node nonode@nohost
2020-04-06 00:24:45.707 [error] <0.362.0> Supervisor 'Elixir.Frequency.Supervisor' had child 'Elixir.Frequency.Worker' started with 'Elixir.Frequency.Worker':start_link([]) at undefined exit with reason {'EXIT',{undef,[{'Elixir.Frequency.Worker',start_link,[[]],[]},{supervisor,do_start_child_i,3,[{file,"supervisor.erl"},{line,379}]},{supervisor,do_start_child,2,[{file,"supervisor.erl"},{line,365}]},{supervisor,'-start_children/2-fun-0-',3,[{file,"supervisor.erl"},{line,349}]},{supervisor,children_map,4,[{file,"supervisor.erl"},{line,1157}]},{supervisor,init_children,2,[{file,"supervisor.erl"},{line,315}]},{gen_server,init_it,2,[{file,"gen_server.erl"},{line,374}]},{gen_server,init_it,6,[{file,...},...]},...]}} in context start_error
2020-04-06 00:24:45.707 [error] <0.360.0> CRASH REPORT Process <0.360.0> with 0 neighbours exited with reason: {{shutdown,{failed_to_start_child,'Elixir.Frequency.Worker',{'EXIT',{undef,[{'Elixir.Frequency.Worker',start_link,[[]],[]},{supervisor,do_start_child_i,3,[{file,"supervisor.erl"},{line,379}]},{supervisor,do_start_child,2,[{file,"supervisor.erl"},{line,365}]},{supervisor,'-start_children/2-fun-0-',3,[{file,"supervisor.erl"},{line,349}]},{supervisor,children_map,4,[{file,"supervisor.erl"},{line,1157}]},{supervisor,init_children,2,[{file,"supervisor.erl"},{line,315}]},{gen_server,init_it,2,[{...},...]},...]}}}},...} in application_master:init/4 line 138
2020-04-06 00:24:58.200 [info] <0.44.0> Application lager started on node nonode@nohost
2020-04-06 00:24:58.207 [info] <0.44.0> Application xmerl started on node nonode@nohost
2020-04-06 00:24:58.223 [info] <0.44.0> Application sasl started on node nonode@nohost
2020-04-06 00:24:58.229 [info] <0.44.0> Application tools started on node nonode@nohost
2020-04-06 00:24:58.232 [info] <0.44.0> Application jsx started on node nonode@nohost
2020-04-06 00:24:58.245 [info] <0.44.0> Application ranch started on node nonode@nohost
2020-04-06 00:24:58.248 [info] <0.44.0> Application recon started on node nonode@nohost
2020-04-06 00:24:58.280 [info] <0.44.0> Application credentials_obfuscation started on node nonode@nohost
2020-04-06 00:24:58.281 [info] <0.44.0> Application rabbit_common started on node nonode@nohost
2020-04-06 00:24:58.290 [info] <0.44.0> Application amqp_client started on node nonode@nohost
2020-04-06 00:24:58.298 [info] <0.44.0> Application amqp started on node nonode@nohost
2020-04-06 00:24:58.306 [info] <0.44.0> Application cowlib started on node nonode@nohost
2020-04-06 00:24:58.336 [info] <0.44.0> Application cowboy started on node nonode@nohost
2020-04-06 00:24:58.338 [info] <0.44.0> Application plug_cowboy started on node nonode@nohost
2020-04-06 00:24:58.442 [error] <0.362.0> Supervisor 'Elixir.Frequency.Supervisor' had child 'Elixir.Frequency.Worker' started with 'Elixir.Frequency.Worker':start_link([]) at undefined exit with reason {'EXIT',{undef,[{'Elixir.Frequency.Worker',start_link,[[]],[]},{supervisor,do_start_child_i,3,[{file,"supervisor.erl"},{line,379}]},{supervisor,do_start_child,2,[{file,"supervisor.erl"},{line,365}]},{supervisor,'-start_children/2-fun-0-',3,[{file,"supervisor.erl"},{line,349}]},{supervisor,children_map,4,[{file,"supervisor.erl"},{line,1157}]},{supervisor,init_children,2,[{file,"supervisor.erl"},{line,315}]},{gen_server,init_it,2,[{file,"gen_server.erl"},{line,374}]},{gen_server,init_it,6,[{file,...},...]},...]}} in context start_error
2020-04-06 00:25:56.775 [info] <0.44.0> Application lager started on node nonode@nohost
2020-04-06 00:25:56.784 [info] <0.44.0> Application xmerl started on node nonode@nohost
2020-04-06 00:25:56.799 [info] <0.44.0> Application sasl started on node nonode@nohost
2020-04-06 00:25:56.803 [info] <0.44.0> Application tools started on node nonode@nohost
2020-04-06 00:25:56.805 [info] <0.44.0> Application jsx started on node nonode@nohost
2020-04-06 00:25:56.813 [info] <0.44.0> Application ranch started on node nonode@nohost
2020-04-06 00:25:56.815 [info] <0.44.0> Application recon started on node nonode@nohost
2020-04-06 00:25:56.844 [info] <0.44.0> Application credentials_obfuscation started on node nonode@nohost
2020-04-06 00:25:56.844 [info] <0.44.0> Application rabbit_common started on node nonode@nohost
2020-04-06 00:25:56.851 [info] <0.44.0> Application amqp_client started on node nonode@nohost
2020-04-06 00:25:56.854 [info] <0.44.0> Application amqp started on node nonode@nohost
2020-04-06 00:25:56.858 [info] <0.44.0> Application cowlib started on node nonode@nohost
2020-04-06 00:25:56.863 [info] <0.44.0> Application cowboy started on node nonode@nohost
2020-04-06 00:25:56.865 [info] <0.44.0> Application plug_cowboy started on node nonode@nohost
2020-04-06 00:25:56.953 [error] <0.362.0> Supervisor 'Elixir.Frequency.Supervisor' had child 'Elixir.Frequency.Worker' started with 'Elixir.Frequency.Worker':start_link([]) at undefined exit with reason {'EXIT',{undef,[{'Elixir.Frequency.Worker',start_link,[[]],[]},{supervisor,do_start_child_i,3,[{file,"supervisor.erl"},{line,379}]},{supervisor,do_start_child,2,[{file,"supervisor.erl"},{line,365}]},{supervisor,'-start_children/2-fun-0-',3,[{file,"supervisor.erl"},{line,349}]},{supervisor,children_map,4,[{file,"supervisor.erl"},{line,1157}]},{supervisor,init_children,2,[{file,"supervisor.erl"},{line,315}]},{gen_server,init_it,2,[{file,"gen_server.erl"},{line,374}]},{gen_server,init_it,6,[{file,...},...]},...]}} in context start_error
2020-04-06 00:26:32.228 [info] <0.44.0> Application lager started on node nonode@nohost
2020-04-06 00:26:32.235 [info] <0.44.0> Application xmerl started on node nonode@nohost
2020-04-06 00:26:32.251 [info] <0.44.0> Application sasl started on node nonode@nohost
2020-04-06 00:26:32.257 [info] <0.44.0> Application tools started on node nonode@nohost
2020-04-06 00:26:32.259 [info] <0.44.0> Application jsx started on node nonode@nohost
2020-04-06 00:26:32.266 [info] <0.44.0> Application ranch started on node nonode@nohost
2020-04-06 00:26:32.268 [info] <0.44.0> Application recon started on node nonode@nohost
2020-04-06 00:26:32.298 [info] <0.44.0> Application credentials_obfuscation started on node nonode@nohost
2020-04-06 00:26:32.298 [info] <0.44.0> Application rabbit_common started on node nonode@nohost
2020-04-06 00:26:32.306 [info] <0.44.0> Application amqp_client started on node nonode@nohost
2020-04-06 00:26:32.309 [info] <0.44.0> Application amqp started on node nonode@nohost
2020-04-06 00:26:32.313 [info] <0.44.0> Application cowlib started on node nonode@nohost
2020-04-06 00:26:32.317 [info] <0.44.0> Application cowboy started on node nonode@nohost
2020-04-06 00:26:32.319 [info] <0.44.0> Application plug_cowboy started on node nonode@nohost
2020-04-06 00:26:32.405 [error] <0.362.0> Supervisor 'Elixir.Frequency.Supervisor' had child 'Elixir.Frequency.Worker' started with 'Elixir.Frequency.Worker':start_link([]) at undefined exit with reason {'EXIT',{undef,[{'Elixir.Frequency.Worker',start_link,[[]],[]},{supervisor,do_start_child_i,3,[{file,"supervisor.erl"},{line,379}]},{supervisor,do_start_child,2,[{file,"supervisor.erl"},{line,365}]},{supervisor,'-start_children/2-fun-0-',3,[{file,"supervisor.erl"},{line,349}]},{supervisor,children_map,4,[{file,"supervisor.erl"},{line,1157}]},{supervisor,init_children,2,[{file,"supervisor.erl"},{line,315}]},{gen_server,init_it,2,[{file,"gen_server.erl"},{line,374}]},{gen_server,init_it,6,[{file,...},...]},...]}} in context start_error
2020-04-06 00:31:01.320 [info] <0.44.0> Application lager started on node nonode@nohost
2020-04-06 00:31:01.341 [info] <0.44.0> Application xmerl started on node nonode@nohost
2020-04-06 00:31:01.393 [info] <0.44.0> Application sasl started on node nonode@nohost
2020-04-06 00:31:01.400 [info] <0.44.0> Application tools started on node nonode@nohost
2020-04-06 00:31:01.403 [info] <0.44.0> Application jsx started on node nonode@nohost
2020-04-06 00:31:01.411 [info] <0.44.0> Application ranch started on node nonode@nohost
2020-04-06 00:31:01.413 [info] <0.44.0> Application recon started on node nonode@nohost
2020-04-06 00:31:01.450 [info] <0.44.0> Application credentials_obfuscation started on node nonode@nohost
2020-04-06 00:31:01.450 [info] <0.44.0> Application rabbit_common started on node nonode@nohost
2020-04-06 00:31:01.459 [info] <0.44.0> Application amqp_client started on node nonode@nohost
2020-04-06 00:31:01.462 [info] <0.44.0> Application amqp started on node nonode@nohost
2020-04-06 00:31:01.467 [info] <0.44.0> Application cowlib started on node nonode@nohost
2020-04-06 00:31:01.473 [info] <0.44.0> Application cowboy started on node nonode@nohost
2020-04-06 00:31:01.475 [info] <0.44.0> Application plug_cowboy started on node nonode@nohost
2020-04-06 00:31:01.908 [info] <0.44.0> Application frequency started on node nonode@nohost
2020-04-06 00:31:15.304 [info] <0.44.0> Application lager started on node nonode@nohost
2020-04-06 00:31:15.363 [info] <0.44.0> Application xmerl started on node nonode@nohost
2020-04-06 00:31:15.381 [info] <0.44.0> Application sasl started on node nonode@nohost
2020-04-06 00:31:15.387 [info] <0.44.0> Application tools started on node nonode@nohost
2020-04-06 00:31:15.389 [info] <0.44.0> Application jsx started on node nonode@nohost
2020-04-06 00:31:15.396 [info] <0.44.0> Application ranch started on node nonode@nohost
2020-04-06 00:31:15.399 [info] <0.44.0> Application recon started on node nonode@nohost
2020-04-06 00:31:15.431 [info] <0.44.0> Application credentials_obfuscation started on node nonode@nohost
2020-04-06 00:31:15.431 [info] <0.44.0> Application rabbit_common started on node nonode@nohost
2020-04-06 00:31:15.440 [info] <0.44.0> Application amqp_client started on node nonode@nohost
2020-04-06 00:31:15.443 [info] <0.44.0> Application amqp started on node nonode@nohost
2020-04-06 00:31:15.466 [info] <0.44.0> Application cowlib started on node nonode@nohost
2020-04-06 00:31:15.472 [info] <0.44.0> Application cowboy started on node nonode@nohost
2020-04-06 00:31:15.474 [info] <0.44.0> Application plug_cowboy started on node nonode@nohost
2020-04-06 00:31:15.618 [info] <0.44.0> Application frequency started on node nonode@nohost
2020-04-06 00:34:19.844 [info] <0.44.0> Application lager started on node nonode@nohost
2020-04-06 00:34:19.851 [info] <0.44.0> Application xmerl started on node nonode@nohost
2020-04-06 00:34:19.868 [info] <0.44.0> Application sasl started on node nonode@nohost
2020-04-06 00:34:19.873 [info] <0.44.0> Application tools started on node nonode@nohost
2020-04-06 00:34:19.874 [info] <0.44.0> Application jsx started on node nonode@nohost
2020-04-06 00:34:19.881 [info] <0.44.0> Application ranch started on node nonode@nohost
2020-04-06 00:34:19.884 [info] <0.44.0> Application recon started on node nonode@nohost
2020-04-06 00:34:19.913 [info] <0.44.0> Application credentials_obfuscation started on node nonode@nohost
2020-04-06 00:34:19.913 [info] <0.44.0> Application rabbit_common started on node nonode@nohost
2020-04-06 00:34:19.923 [info] <0.44.0> Application amqp_client started on node nonode@nohost
2020-04-06 00:34:19.927 [info] <0.44.0> Application amqp started on node nonode@nohost
2020-04-06 00:34:19.931 [info] <0.44.0> Application cowlib started on node nonode@nohost
2020-04-06 00:34:19.935 [info] <0.44.0> Application cowboy started on node nonode@nohost
2020-04-06 00:34:19.937 [info] <0.44.0> Application plug_cowboy started on node nonode@nohost
2020-04-06 00:34:20.157 [info] <0.44.0> Application frequency started on node nonode@nohost
2020-04-06 00:44:21.456 [info] <0.44.0> Application lager started on node nonode@nohost
2020-04-06 00:44:21.463 [info] <0.44.0> Application xmerl started on node nonode@nohost
2020-04-06 00:44:21.477 [info] <0.44.0> Application sasl started on node nonode@nohost
2020-04-06 00:44:21.482 [info] <0.44.0> Application tools started on node nonode@nohost
2020-04-06 00:44:21.484 [info] <0.44.0> Application jsx started on node nonode@nohost
2020-04-06 00:44:21.491 [info] <0.44.0> Application ranch started on node nonode@nohost
2020-04-06 00:44:21.493 [info] <0.44.0> Application recon started on node nonode@nohost
2020-04-06 00:44:21.523 [info] <0.44.0> Application credentials_obfuscation started on node nonode@nohost
2020-04-06 00:44:21.523 [info] <0.44.0> Application rabbit_common started on node nonode@nohost
2020-04-06 00:44:21.532 [info] <0.44.0> Application amqp_client started on node nonode@nohost
2020-04-06 00:44:21.535 [info] <0.44.0> Application amqp started on node nonode@nohost
2020-04-06 00:44:21.538 [info] <0.44.0> Application cowlib started on node nonode@nohost
2020-04-06 00:44:21.543 [info] <0.44.0> Application cowboy started on node nonode@nohost
2020-04-06 00:44:21.544 [info] <0.44.0> Application plug_cowboy started on node nonode@nohost
2020-04-06 00:44:21.746 [info] <0.44.0> Application frequency started on node nonode@nohost
2020-04-06 00:44:25.653 [info] <0.44.0> Application lager started on node nonode@nohost
2020-04-06 00:44:25.667 [info] <0.44.0> Application xmerl started on node nonode@nohost
2020-04-06 00:44:25.681 [info] <0.44.0> Application sasl started on node nonode@nohost
2020-04-06 00:44:25.686 [info] <0.44.0> Application tools started on node nonode@nohost
2020-04-06 00:44:25.688 [info] <0.44.0> Application jsx started on node nonode@nohost
2020-04-06 00:44:25.693 [info] <0.44.0> Application ranch started on node nonode@nohost
2020-04-06 00:44:25.695 [info] <0.44.0> Application recon started on node nonode@nohost
2020-04-06 00:44:25.724 [info] <0.44.0> Application credentials_obfuscation started on node nonode@nohost
2020-04-06 00:44:25.724 [info] <0.44.0> Application rabbit_common started on node nonode@nohost
2020-04-06 00:44:25.731 [info] <0.44.0> Application amqp_client started on node nonode@nohost
2020-04-06 00:44:25.733 [info] <0.44.0> Application amqp started on node nonode@nohost
2020-04-06 00:44:25.736 [info] <0.44.0> Application cowlib started on node nonode@nohost
2020-04-06 00:44:25.739 [info] <0.44.0> Application cowboy started on node nonode@nohost
2020-04-06 00:44:25.740 [info] <0.44.0> Application plug_cowboy started on node nonode@nohost
2020-04-06 00:44:25.869 [info] <0.44.0> Application frequency started on node nonode@nohost
2020-04-06 00:45:22.892 [info] <0.44.0> Application lager started on node nonode@nohost
2020-04-06 00:45:22.900 [info] <0.44.0> Application xmerl started on node nonode@nohost
2020-04-06 00:45:22.915 [info] <0.44.0> Application sasl started on node nonode@nohost
2020-04-06 00:45:22.920 [info] <0.44.0> Application tools started on node nonode@nohost
2020-04-06 00:45:22.923 [info] <0.44.0> Application jsx started on node nonode@nohost
2020-04-06 00:45:22.936 [info] <0.44.0> Application ranch started on node nonode@nohost
2020-04-06 00:45:22.938 [info] <0.44.0> Application recon started on node nonode@nohost
2020-04-06 00:45:22.967 [info] <0.44.0> Application credentials_obfuscation started on node nonode@nohost
2020-04-06 00:45:22.967 [info] <0.44.0> Application rabbit_common started on node nonode@nohost
2020-04-06 00:45:22.975 [info] <0.44.0> Application amqp_client started on node nonode@nohost
2020-04-06 00:45:22.978 [info] <0.44.0> Application amqp started on node nonode@nohost
2020-04-06 00:45:22.982 [info] <0.44.0> Application cowlib started on node nonode@nohost
2020-04-06 00:45:22.986 [info] <0.44.0> Application cowboy started on node nonode@nohost
2020-04-06 00:45:22.987 [info] <0.44.0> Application plug_cowboy started on node nonode@nohost
2020-04-06 00:45:23.326 [info] <0.44.0> Application frequency started on node nonode@nohost
2020-04-06 00:55:52.256 [info] <0.44.0> Application lager started on node nonode@nohost
2020-04-06 00:55:52.263 [info] <0.44.0> Application xmerl started on node nonode@nohost
2020-04-06 00:55:52.277 [info] <0.44.0> Application sasl started on node nonode@nohost
2020-04-06 00:55:52.281 [info] <0.44.0> Application tools started on node nonode@nohost
2020-04-06 00:55:52.283 [info] <0.44.0> Application jsx started on node nonode@nohost
2020-04-06 00:55:52.290 [info] <0.44.0> Application ranch started on node nonode@nohost
2020-04-06 00:55:52.291 [info] <0.44.0> Application recon started on node nonode@nohost
2020-04-06 00:55:52.321 [info] <0.44.0> Application credentials_obfuscation started on node nonode@nohost
2020-04-06 00:55:52.321 [info] <0.44.0> Application rabbit_common started on node nonode@nohost
2020-04-06 00:55:52.329 [info] <0.44.0> Application amqp_client started on node nonode@nohost
2020-04-06 00:55:52.331 [info] <0.44.0> Application amqp started on node nonode@nohost
2020-04-06 00:55:52.334 [info] <0.44.0> Application cowlib started on node nonode@nohost
2020-04-06 00:55:52.338 [info] <0.44.0> Application cowboy started on node nonode@nohost
2020-04-06 00:55:52.340 [info] <0.44.0> Application plug_cowboy started on node nonode@nohost
2020-04-06 00:55:52.574 [info] <0.44.0> Application frequency started on node nonode@nohost
2020-04-06 00:58:23.911 [info] <0.44.0> Application lager started on node nonode@nohost
2020-04-06 00:58:23.921 [info] <0.44.0> Application xmerl started on node nonode@nohost
2020-04-06 00:58:23.938 [info] <0.44.0> Application sasl started on node nonode@nohost
2020-04-06 00:58:23.942 [info] <0.44.0> Application tools started on node nonode@nohost
2020-04-06 00:58:23.944 [info] <0.44.0> Application jsx started on node nonode@nohost
2020-04-06 00:58:23.951 [info] <0.44.0> Application ranch started on node nonode@nohost
2020-04-06 00:58:23.954 [info] <0.44.0> Application recon started on node nonode@nohost
2020-04-06 00:58:23.983 [info] <0.44.0> Application credentials_obfuscation started on node nonode@nohost
2020-04-06 00:58:23.983 [info] <0.44.0> Application rabbit_common started on node nonode@nohost
2020-04-06 00:58:23.991 [info] <0.44.0> Application amqp_client started on node nonode@nohost
2020-04-06 00:58:23.994 [info] <0.44.0> Application amqp started on node nonode@nohost
2020-04-06 00:58:23.997 [info] <0.44.0> Application cowlib started on node nonode@nohost
2020-04-06 00:58:24.001 [info] <0.44.0> Application cowboy started on node nonode@nohost
2020-04-06 00:58:24.003 [info] <0.44.0> Application plug_cowboy started on node nonode@nohost
2020-04-06 00:58:24.143 [info] <0.44.0> Application frequency started on node nonode@nohost
2020-04-06 00:59:39.445 [info] <0.44.0> Application lager started on node nonode@nohost
2020-04-06 00:59:39.453 [info] <0.44.0> Application xmerl started on node nonode@nohost
2020-04-06 00:59:39.470 [info] <0.44.0> Application sasl started on node nonode@nohost
2020-04-06 00:59:39.477 [info] <0.44.0> Application tools started on node nonode@nohost
2020-04-06 00:59:39.479 [info] <0.44.0> Application jsx started on node nonode@nohost
2020-04-06 00:59:39.491 [info] <0.44.0> Application ranch started on node nonode@nohost
2020-04-06 00:59:39.493 [info] <0.44.0> Application recon started on node nonode@nohost
2020-04-06 00:59:39.520 [info] <0.44.0> Application credentials_obfuscation started on node nonode@nohost
2020-04-06 00:59:39.520 [info] <0.44.0> Application rabbit_common started on node nonode@nohost
2020-04-06 00:59:39.527 [info] <0.44.0> Application amqp_client started on node nonode@nohost
2020-04-06 00:59:39.530 [info] <0.44.0> Application amqp started on node nonode@nohost
2020-04-06 00:59:39.534 [info] <0.44.0> Application cowlib started on node nonode@nohost
2020-04-06 00:59:39.539 [info] <0.44.0> Application cowboy started on node nonode@nohost
2020-04-06 00:59:39.540 [info] <0.44.0> Application plug_cowboy started on node nonode@nohost
2020-04-06 00:59:39.671 [info] <0.44.0> Application frequency started on node nonode@nohost
2020-04-06 01:03:58.325 [info] <0.44.0> Application lager started on node nonode@nohost
2020-04-06 01:03:58.334 [info] <0.44.0> Application xmerl started on node nonode@nohost
2020-04-06 01:03:58.351 [info] <0.44.0> Application sasl started on node nonode@nohost
2020-04-06 01:03:58.358 [info] <0.44.0> Application tools started on node nonode@nohost
2020-04-06 01:03:58.360 [info] <0.44.0> Application jsx started on node nonode@nohost
2020-04-06 01:03:58.369 [info] <0.44.0> Application ranch started on node nonode@nohost
2020-04-06 01:03:58.373 [info] <0.44.0> Application recon started on node nonode@nohost
2020-04-06 01:03:58.400 [info] <0.44.0> Application credentials_obfuscation started on node nonode@nohost
2020-04-06 01:03:58.400 [info] <0.44.0> Application rabbit_common started on node nonode@nohost
2020-04-06 01:03:58.410 [info] <0.44.0> Application amqp_client started on node nonode@nohost
2020-04-06 01:03:58.413 [info] <0.44.0> Application amqp started on node nonode@nohost
2020-04-06 01:03:58.416 [info] <0.44.0> Application cowlib started on node nonode@nohost
2020-04-06 01:03:58.419 [info] <0.44.0> Application cowboy started on node nonode@nohost
2020-04-06 01:03:58.421 [info] <0.44.0> Application plug_cowboy started on node nonode@nohost
2020-04-06 01:03:58.560 [info] <0.44.0> Application frequency started on node nonode@nohost
