2020-04-06 00:22:57 =CRASH REPORT====
  crasher:
    initial call: Elixir.Frequency.Worker:init/1
    pid: <0.367.0>
    registered_name: []
    exception error: {undef,[{'Elixir.IO',inspect,[],[]},{'Elixir.Frequency.Worker',init,1,[{file,"lib/worker.ex"},{line,21}]},{gen_server,init_it,2,[{file,"gen_server.erl"},{line,374}]},{gen_server,init_it,6,[{file,"gen_server.erl"},{line,342}]},{proc_lib,init_p_do_apply,3,[{file,"proc_lib.erl"},{line,249}]}]}
    ancestors: [<0.366.0>]
    message_queue_len: 0
    messages: []
    links: [<0.366.0>]
    dictionary: [{gen_server_call_timeout,60000}]
    trap_exit: false
    status: running
    heap_size: 987
    stack_size: 27
    reductions: 14997
  neighbours:
2020-04-06 00:22:58 =CRASH REPORT====
  crasher:
    initial call: application_master:init/4
    pid: <0.365.0>
    registered_name: []
    exception exit: {{bad_return,{{'Elixir.Frequency.Application',start,[normal,[]]},{'EXIT',{#{'__exception__' => true,'__struct__' => 'Elixir.ArgumentError',message => <<"The module :error was given as a child to a supervisor but it does not exist.">>},[{'Elixir.Supervisor',init_child,1,[{file,"lib/supervisor.ex"},{line,629}]},{'Elixir.Enum','-map/2-lists^map/1-0-',2,[{file,"lib/enum.ex"},{line,1336}]},{'Elixir.Enum','-map/2-lists^map/1-0-',2,[{file,"lib/enum.ex"},{line,1336}]},{'Elixir.Supervisor',init,2,[{file,"lib/supervisor.ex"},{line,615}]},{'Elixir.Supervisor',start_link,2,[{file,"lib/supervisor.ex"},{line,564}]},{application_master,start_it_old,4,[{file,"application_master.erl"},{line,277}]}]}}}},[{application_master,init,4,[{file,"application_master.erl"},{line,138}]},{proc_lib,init_p_do_apply,3,[{file,"proc_lib.erl"},{line,249}]}]}
    ancestors: [<0.364.0>]
    message_queue_len: 1
    messages: [{'EXIT',<0.366.0>,normal}]
    links: [<0.364.0>,<0.44.0>]
    dictionary: []
    trap_exit: true
    status: running
    heap_size: 987
    stack_size: 27
    reductions: 229
  neighbours:
2020-04-06 00:24:45 =SUPERVISOR REPORT====
     Supervisor: {local,'Elixir.Frequency.Supervisor'}
     Context:    start_error
     Reason:     {'EXIT',{undef,[{'Elixir.Frequency.Worker',start_link,[[]],[]},{supervisor,do_start_child_i,3,[{file,"supervisor.erl"},{line,379}]},{supervisor,do_start_child,2,[{file,"supervisor.erl"},{line,365}]},{supervisor,'-start_children/2-fun-0-',3,[{file,"supervisor.erl"},{line,349}]},{supervisor,children_map,4,[{file,"supervisor.erl"},{line,1157}]},{supervisor,init_children,2,[{file,"supervisor.erl"},{line,315}]},{gen_server,init_it,2,[{file,"gen_server.erl"},{line,374}]},{gen_server,init_it,6,[{file,"gen_server.erl"},{line,342}]},{proc_lib,init_p_do_apply,3,[{file,"proc_lib.erl"},{line,249}]}]}}
     Offender:   [{pid,undefined},{id,'Elixir.Frequency.Worker'},{mfargs,{'Elixir.Frequency.Worker',start_link,[[]]}},{restart_type,permanent},{shutdown,5000},{child_type,worker}]

2020-04-06 00:24:45 =CRASH REPORT====
  crasher:
    initial call: application_master:init/4
    pid: <0.360.0>
    registered_name: []
    exception exit: {{{shutdown,{failed_to_start_child,'Elixir.Frequency.Worker',{'EXIT',{undef,[{'Elixir.Frequency.Worker',start_link,[[]],[]},{supervisor,do_start_child_i,3,[{file,"supervisor.erl"},{line,379}]},{supervisor,do_start_child,2,[{file,"supervisor.erl"},{line,365}]},{supervisor,'-start_children/2-fun-0-',3,[{file,"supervisor.erl"},{line,349}]},{supervisor,children_map,4,[{file,"supervisor.erl"},{line,1157}]},{supervisor,init_children,2,[{file,"supervisor.erl"},{line,315}]},{gen_server,init_it,2,[{file,"gen_server.erl"},{line,374}]},{gen_server,init_it,6,[{file,"gen_server.erl"},{line,342}]},{proc_lib,init_p_do_apply,3,[{file,"proc_lib.erl"},{line,249}]}]}}}},{'Elixir.Frequency.Application',start,[normal,[]]}},[{application_master,init,4,[{file,"application_master.erl"},{line,138}]},{proc_lib,init_p_do_apply,3,[{file,"proc_lib.erl"},{line,249}]}]}
    ancestors: [<0.359.0>]
    message_queue_len: 1
    messages: [{'EXIT',<0.361.0>,normal}]
    links: [<0.359.0>,<0.44.0>]
    dictionary: []
    trap_exit: true
    status: running
    heap_size: 987
    stack_size: 27
    reductions: 257
  neighbours:
2020-04-06 00:24:58 =SUPERVISOR REPORT====
     Supervisor: {local,'Elixir.Frequency.Supervisor'}
     Context:    start_error
     Reason:     {'EXIT',{undef,[{'Elixir.Frequency.Worker',start_link,[[]],[]},{supervisor,do_start_child_i,3,[{file,"supervisor.erl"},{line,379}]},{supervisor,do_start_child,2,[{file,"supervisor.erl"},{line,365}]},{supervisor,'-start_children/2-fun-0-',3,[{file,"supervisor.erl"},{line,349}]},{supervisor,children_map,4,[{file,"supervisor.erl"},{line,1157}]},{supervisor,init_children,2,[{file,"supervisor.erl"},{line,315}]},{gen_server,init_it,2,[{file,"gen_server.erl"},{line,374}]},{gen_server,init_it,6,[{file,"gen_server.erl"},{line,342}]},{proc_lib,init_p_do_apply,3,[{file,"proc_lib.erl"},{line,249}]}]}}
     Offender:   [{pid,undefined},{id,'Elixir.Frequency.Worker'},{mfargs,{'Elixir.Frequency.Worker',start_link,[[]]}},{restart_type,permanent},{shutdown,5000},{child_type,worker}]

2020-04-06 00:24:58 =CRASH REPORT====
  crasher:
    initial call: application_master:init/4
    pid: <0.360.0>
    registered_name: []
    exception exit: {{{shutdown,{failed_to_start_child,'Elixir.Frequency.Worker',{'EXIT',{undef,[{'Elixir.Frequency.Worker',start_link,[[]],[]},{supervisor,do_start_child_i,3,[{file,"supervisor.erl"},{line,379}]},{supervisor,do_start_child,2,[{file,"supervisor.erl"},{line,365}]},{supervisor,'-start_children/2-fun-0-',3,[{file,"supervisor.erl"},{line,349}]},{supervisor,children_map,4,[{file,"supervisor.erl"},{line,1157}]},{supervisor,init_children,2,[{file,"supervisor.erl"},{line,315}]},{gen_server,init_it,2,[{file,"gen_server.erl"},{line,374}]},{gen_server,init_it,6,[{file,"gen_server.erl"},{line,342}]},{proc_lib,init_p_do_apply,3,[{file,"proc_lib.erl"},{line,249}]}]}}}},{'Elixir.Frequency.Application',start,[normal,[]]}},[{application_master,init,4,[{file,"application_master.erl"},{line,138}]},{proc_lib,init_p_do_apply,3,[{file,"proc_lib.erl"},{line,249}]}]}
    ancestors: [<0.359.0>]
    message_queue_len: 1
    messages: [{'EXIT',<0.361.0>,normal}]
    links: [<0.359.0>,<0.44.0>]
    dictionary: []
    trap_exit: true
    status: running
    heap_size: 987
    stack_size: 27
    reductions: 252
  neighbours:
2020-04-06 00:25:56 =SUPERVISOR REPORT====
     Supervisor: {local,'Elixir.Frequency.Supervisor'}
     Context:    start_error
     Reason:     {'EXIT',{undef,[{'Elixir.Frequency.Worker',start_link,[[]],[]},{supervisor,do_start_child_i,3,[{file,"supervisor.erl"},{line,379}]},{supervisor,do_start_child,2,[{file,"supervisor.erl"},{line,365}]},{supervisor,'-start_children/2-fun-0-',3,[{file,"supervisor.erl"},{line,349}]},{supervisor,children_map,4,[{file,"supervisor.erl"},{line,1157}]},{supervisor,init_children,2,[{file,"supervisor.erl"},{line,315}]},{gen_server,init_it,2,[{file,"gen_server.erl"},{line,374}]},{gen_server,init_it,6,[{file,"gen_server.erl"},{line,342}]},{proc_lib,init_p_do_apply,3,[{file,"proc_lib.erl"},{line,249}]}]}}
     Offender:   [{pid,undefined},{id,'Elixir.Frequency.Worker'},{mfargs,{'Elixir.Frequency.Worker',start_link,[[]]}},{restart_type,permanent},{shutdown,5000},{child_type,worker}]

2020-04-06 00:25:56 =CRASH REPORT====
  crasher:
    initial call: application_master:init/4
    pid: <0.360.0>
    registered_name: []
    exception exit: {{{shutdown,{failed_to_start_child,'Elixir.Frequency.Worker',{'EXIT',{undef,[{'Elixir.Frequency.Worker',start_link,[[]],[]},{supervisor,do_start_child_i,3,[{file,"supervisor.erl"},{line,379}]},{supervisor,do_start_child,2,[{file,"supervisor.erl"},{line,365}]},{supervisor,'-start_children/2-fun-0-',3,[{file,"supervisor.erl"},{line,349}]},{supervisor,children_map,4,[{file,"supervisor.erl"},{line,1157}]},{supervisor,init_children,2,[{file,"supervisor.erl"},{line,315}]},{gen_server,init_it,2,[{file,"gen_server.erl"},{line,374}]},{gen_server,init_it,6,[{file,"gen_server.erl"},{line,342}]},{proc_lib,init_p_do_apply,3,[{file,"proc_lib.erl"},{line,249}]}]}}}},{'Elixir.Frequency.Application',start,[normal,[]]}},[{application_master,init,4,[{file,"application_master.erl"},{line,138}]},{proc_lib,init_p_do_apply,3,[{file,"proc_lib.erl"},{line,249}]}]}
    ancestors: [<0.359.0>]
    message_queue_len: 1
    messages: [{'EXIT',<0.361.0>,normal}]
    links: [<0.359.0>,<0.44.0>]
    dictionary: []
    trap_exit: true
    status: running
    heap_size: 987
    stack_size: 27
    reductions: 250
  neighbours:
2020-04-06 00:26:32 =SUPERVISOR REPORT====
     Supervisor: {local,'Elixir.Frequency.Supervisor'}
     Context:    start_error
     Reason:     {'EXIT',{undef,[{'Elixir.Frequency.Worker',start_link,[[]],[]},{supervisor,do_start_child_i,3,[{file,"supervisor.erl"},{line,379}]},{supervisor,do_start_child,2,[{file,"supervisor.erl"},{line,365}]},{supervisor,'-start_children/2-fun-0-',3,[{file,"supervisor.erl"},{line,349}]},{supervisor,children_map,4,[{file,"supervisor.erl"},{line,1157}]},{supervisor,init_children,2,[{file,"supervisor.erl"},{line,315}]},{gen_server,init_it,2,[{file,"gen_server.erl"},{line,374}]},{gen_server,init_it,6,[{file,"gen_server.erl"},{line,342}]},{proc_lib,init_p_do_apply,3,[{file,"proc_lib.erl"},{line,249}]}]}}
     Offender:   [{pid,undefined},{id,'Elixir.Frequency.Worker'},{mfargs,{'Elixir.Frequency.Worker',start_link,[[]]}},{restart_type,permanent},{shutdown,5000},{child_type,worker}]

2020-04-06 00:26:32 =CRASH REPORT====
  crasher:
    initial call: application_master:init/4
    pid: <0.360.0>
    registered_name: []
    exception exit: {{{shutdown,{failed_to_start_child,'Elixir.Frequency.Worker',{'EXIT',{undef,[{'Elixir.Frequency.Worker',start_link,[[]],[]},{supervisor,do_start_child_i,3,[{file,"supervisor.erl"},{line,379}]},{supervisor,do_start_child,2,[{file,"supervisor.erl"},{line,365}]},{supervisor,'-start_children/2-fun-0-',3,[{file,"supervisor.erl"},{line,349}]},{supervisor,children_map,4,[{file,"supervisor.erl"},{line,1157}]},{supervisor,init_children,2,[{file,"supervisor.erl"},{line,315}]},{gen_server,init_it,2,[{file,"gen_server.erl"},{line,374}]},{gen_server,init_it,6,[{file,"gen_server.erl"},{line,342}]},{proc_lib,init_p_do_apply,3,[{file,"proc_lib.erl"},{line,249}]}]}}}},{'Elixir.Frequency.Application',start,[normal,[]]}},[{application_master,init,4,[{file,"application_master.erl"},{line,138}]},{proc_lib,init_p_do_apply,3,[{file,"proc_lib.erl"},{line,249}]}]}
    ancestors: [<0.359.0>]
    message_queue_len: 1
    messages: [{'EXIT',<0.361.0>,normal}]
    links: [<0.359.0>,<0.44.0>]
    dictionary: []
    trap_exit: true
    status: running
    heap_size: 987
    stack_size: 27
    reductions: 253
  neighbours:
